<?xml version="1.0" encoding="utf-8" standalone="no"?>
<!--This file represents the results of running a test suite-->
<test-results name="F:\C#_7302\_Monopoly\MolopolyGameTests\bin\Debug\MolopolyGameTests.dll" total="3" errors="2" failures="0" not-run="0" inconclusive="0" ignored="0" skipped="0" invalid="0" date="2014-10-22" time="15:23:05">
  <environment nunit-version="2.5.10.11092" clr-version="4.0.30319.34014" os-version="Microsoft Windows NT 6.2.9200.0" platform="Win32NT" cwd="C:\Program Files (x86)\Microsoft Visual Studio 12.0\Common7\IDE" machine-name="YAR" user="Yar" user-domain="YAR" />
  <culture-info current-culture="en-NZ" current-uiculture="en-US" />
  <test-suite type="Assembly" name="F:\C#_7302\_Monopoly\MolopolyGameTests\bin\Debug\MolopolyGameTests.dll" executed="True" result="Failure" success="False" time="0.188" asserts="0">
    <results>
      <test-suite type="Namespace" name="MolopolyGame" executed="True" result="Failure" success="False" time="0.172" asserts="0">
        <results>
          <test-suite type="TestFixture" name="_LuckTests" executed="True" result="Failure" success="False" time="0.172" asserts="0">
            <results>
              <test-case name="MolopolyGame._LuckTests.landOnTest" executed="True" result="Error" success="False" time="0.016" asserts="0">
                <failure>
                  <message><![CDATA[System.NotImplementedException : The method or operation is not implemented.]]></message>
                  <stack-trace><![CDATA[at MolopolyGame._LuckTests.landOnTest() in f:\C#_7302\_Monopoly\molopolygametests\_LuckTests.cs:line 32
]]></stack-trace>
                </failure>
              </test-case>
              <test-case name="MolopolyGame._LuckTests.LuckTest1" executed="True" result="Error" success="False" time="0.000" asserts="0">
                <failure>
                  <message><![CDATA[System.NotImplementedException : The method or operation is not implemented.]]></message>
                  <stack-trace><![CDATA[at MolopolyGame._LuckTests.LuckTest1() in f:\C#_7302\_Monopoly\molopolygametests\_LuckTests.cs:line 24
]]></stack-trace>
                </failure>
              </test-case>
              <test-case name="MolopolyGame._LuckTests.LuckTests" executed="True" result="Success" success="True" time="0.047" asserts="0" />
            </results>
          </test-suite>
        </results>
      </test-suite>
    </results>
  </test-suite>
</test-results>